0 info it worked if it ends with ok
1 verbose cli [ 'node',
1 verbose cli   '/usr/local/bin/npm',
1 verbose cli   'install',
1 verbose cli   '-g',
1 verbose cli   'exuberant-ctags' ]
2 info using npm@1.2.32
3 info using node@v0.10.12
4 verbose read json /usr/local/lib/package.json
5 verbose read json /usr/local/lib/package.json
6 verbose cache add [ 'exuberant-ctags', null ]
7 verbose cache add name=undefined spec="exuberant-ctags" args=["exuberant-ctags",null]
8 verbose parsed url { protocol: null,
8 verbose parsed url   slashes: null,
8 verbose parsed url   auth: null,
8 verbose parsed url   host: null,
8 verbose parsed url   port: null,
8 verbose parsed url   hostname: null,
8 verbose parsed url   hash: null,
8 verbose parsed url   search: null,
8 verbose parsed url   query: null,
8 verbose parsed url   pathname: 'exuberant-ctags',
8 verbose parsed url   path: 'exuberant-ctags',
8 verbose parsed url   href: 'exuberant-ctags' }
9 silly lockFile 865bb9f6-exuberant-ctags exuberant-ctags
10 verbose lock exuberant-ctags /Users/tarik/.npm/865bb9f6-exuberant-ctags.lock
11 silly lockFile 865bb9f6-exuberant-ctags exuberant-ctags
12 silly lockFile 865bb9f6-exuberant-ctags exuberant-ctags
13 verbose addNamed [ 'exuberant-ctags', '' ]
14 verbose addNamed [ null, '' ]
15 silly lockFile d3c48527-exuberant-ctags exuberant-ctags@
16 verbose lock exuberant-ctags@ /Users/tarik/.npm/d3c48527-exuberant-ctags.lock
17 silly addNameRange { name: 'exuberant-ctags', range: '', hasData: false }
18 verbose url raw exuberant-ctags
19 verbose url resolving [ 'https://registry.npmjs.org/', './exuberant-ctags' ]
20 verbose url resolved https://registry.npmjs.org/exuberant-ctags
21 info trying registry request attempt 1 at 09:19:42
22 http GET https://registry.npmjs.org/exuberant-ctags
23 http 404 https://registry.npmjs.org/exuberant-ctags
24 silly registry.get cb [ 404,
24 silly registry.get   { server: 'CouchDB/1.3.1 (Erlang OTP/R15B03)',
24 silly registry.get     date: 'Fri, 23 Aug 2013 13:18:36 GMT',
24 silly registry.get     'content-type': 'application/json',
24 silly registry.get     'content-length': '52',
24 silly registry.get     'cache-control': 'must-revalidate' } ]
25 silly lockFile d3c48527-exuberant-ctags exuberant-ctags@
26 silly lockFile d3c48527-exuberant-ctags exuberant-ctags@
27 error 404 'exuberant-ctags' is not in the npm registry.
27 error 404 You should bug the author to publish it
27 error 404
27 error 404 Note that you can also install from a
27 error 404 tarball, folder, or http url, or git url.
28 error System Darwin 12.4.0
29 error command "node" "/usr/local/bin/npm" "install" "-g" "exuberant-ctags"
30 error cwd /Users/tarik/.vim/autoload
31 error node -v v0.10.12
32 error npm -v 1.2.32
33 error code E404
34 verbose exit [ 1, true ]
